<?xml version="1.0" encoding="UTF-8"?>
<testng-results ignored="0" total="4" passed="4" failed="0" skipped="0">
  <reporter-output>
  </reporter-output>
  <suite started-at="2022-11-24T15:06:43 IST" name="Suite" finished-at="2022-11-24T15:07:05 IST" duration-ms="22038">
    <groups>
    </groups>
    <test started-at="2022-11-24T15:06:43 IST" name="Test" finished-at="2022-11-24T15:07:05 IST" duration-ms="22038">
      <class name="amazonpage.login3">
        <test-method is-config="true" signature="opening_browser()[pri:0, instance:amazonpage.login3@cad498c]" started-at="2022-11-24T15:06:43 IST" name="opening_browser" finished-at="2022-11-24T15:06:47 IST" duration-ms="4393" status="PASS">
          <reporter-output>
          </reporter-output>
        </test-method> <!-- opening_browser -->
        <test-method signature="title()[pri:1, instance:amazonpage.login3@cad498c]" started-at="2022-11-24T15:06:47 IST" name="title" finished-at="2022-11-24T15:06:47 IST" duration-ms="42" status="PASS">
          <reporter-output>
          </reporter-output>
        </test-method> <!-- title -->
        <test-method signature="url()[pri:2, instance:amazonpage.login3@cad498c]" started-at="2022-11-24T15:06:47 IST" name="url" finished-at="2022-11-24T15:06:47 IST" duration-ms="11" status="PASS">
          <reporter-output>
          </reporter-output>
        </test-method> <!-- url -->
        <test-method signature="dropdown()[pri:3, instance:amazonpage.login3@cad498c]" started-at="2022-11-24T15:06:47 IST" name="dropdown" finished-at="2022-11-24T15:06:48 IST" duration-ms="455" status="PASS">
          <reporter-output>
          </reporter-output>
        </test-method> <!-- dropdown -->
        <test-method signature="screenshot()[pri:4, instance:amazonpage.login3@cad498c]" started-at="2022-11-24T15:06:48 IST" name="screenshot" finished-at="2022-11-24T15:06:49 IST" duration-ms="803" status="PASS">
          <reporter-output>
          </reporter-output>
        </test-method> <!-- screenshot -->
        <test-method is-config="true" signature="close()[pri:0, instance:amazonpage.login3@cad498c]" started-at="2022-11-24T15:06:49 IST" name="close" finished-at="2022-11-24T15:07:05 IST" duration-ms="16282" status="PASS">
          <reporter-output>
          </reporter-output>
        </test-method> <!-- close -->
      </class> <!-- amazonpage.login3 -->
    </test> <!-- Test -->
  </suite> <!-- Suite -->
</testng-results>
