<?xml version="1.0" encoding="UTF-8"?>
<!-- Generated by org.testng.reporters.JUnitXMLReporter -->
<testsuite ignored="1" hostname="LAPTOP-DNGRBBH3" failures="0" tests="6" name="Default test" time="0.047" errors="0" timestamp="2022-11-24T13:00:34 IST">
  <testcase classname="testng1.program1" name="opening_browser" time="0.008"/>
  <testcase classname="testng1.program1" name="Customerdetails" time="0.002"/>
  <testcase classname="testng1.program1" name="productdetails" time="0.001"/>
  <testcase classname="testng1.program1" name="paymentdetails" time="0.002"/>
  <testcase classname="testng1.program1" name="deliveryprocess" time="0.001"/>
  <testcase classname="testng1.program1" name="logoff" time="0.001"/>
  <testcase classname="testng1.program1" name="feedbackprocess" time="0.0">
    <ignored/>
  </testcase> <!-- feedbackprocess -->
</testsuite> <!-- Default test -->
