<?xml version="1.0" encoding="UTF-8"?>
<!-- Generated by org.testng.reporters.JUnitXMLReporter -->
<testsuite ignored="0" hostname="LAPTOP-DNGRBBH3" failures="0" tests="4" name="Test" time="22.038" errors="0" timestamp="2022-11-24T15:07:05 IST">
  <testcase classname="amazonpage.login" name="title" time="0.042"/>
  <testcase classname="amazonpage.login" name="url" time="0.011"/>
  <testcase classname="amazonpage.login2" name="dropdown" time="0.455"/>
  <testcase classname="amazonpage.login3" name="screenshot" time="0.803"/>
</testsuite> <!-- Test -->
